[    0.000000] Initializing cgroup subsys cpuset
[    0.000000] Initializing cgroup subsys cpu
[    0.000000] Initializing cgroup subsys cpuacct
[    0.000000] Linux version 4.4.0-138-generic (buildd@lgw01-amd64-037) (gcc version 5.4.0 20160609 (Ubuntu 5.4.0-6ubuntu1~16.04.10) ) #164-Ubuntu SMP Wed Oct 3 15:02:00 UTC 2018 (Ubuntu 4.4.0-138.164-generic 4.4.155)
[    0.000000] KERNEL supported cpus:
[    0.000000]   Intel GenuineIntel
[    0.000000]   AMD AuthenticAMD
[    0.000000]   NSC Geode by NSC
[    0.000000]   Cyrix CyrixInstead
[    0.000000]   Centaur CentaurHauls
[    0.000000]   Transmeta GenuineTMx86
[    0.000000]   Transmeta TransmetaCPU
[    0.000000]   UMC UMC UMC UMC
[    0.000000] x86/fpu: xstate_offset[2]:  576, xstate_sizes[2]:  256
[    0.000000] x86/fpu: Supporting XSAVE feature 0x01: 'x87 floating point registers'
[    0.000000] x86/fpu: Supporting XSAVE feature 0x02: 'SSE registers'
[    0.000000] x86/fpu: Supporting XSAVE feature 0x04: 'AVX registers'
[    0.000000] x86/fpu: Enabled xstate features 0x7, context size is 832 bytes, using 'standard' format.
[    0.000000] e820: BIOS-provided physical RAM map:
[    0.000000] BIOS-e820: [mem 0x0000000000000000-0x000000000009fbff] usable
[    0.000000] BIOS-e820: [mem 0x000000000009fc00-0x000000000009ffff] reserved
[    0.000000] BIOS-e820: [mem 0x00000000000f0000-0x00000000000fffff] reserved
[    0.000000] BIOS-e820: [mem 0x0000000000100000-0x000000001ffeffff] usable
[    0.000000] BIOS-e820: [mem 0x000000001fff0000-0x000000001fffffff] ACPI data
[    0.000000] BIOS-e820: [mem 0x00000000fec00000-0x00000000fec00fff] reserved
[    0.000000] BIOS-e820: [mem 0x00000000fee00000-0x00000000fee00fff] reserved
[    0.000000] BIOS-e820: [mem 0x00000000fffc0000-0x00000000ffffffff] reserved
[    0.000000] NX (Execute Disable) protection: active
[    0.000000] SMBIOS 2.5 present.
[    0.000000] Hypervisor detected: KVM
[    0.000000] e820: last_pfn = 0x1fff0 max_arch_pfn = 0x1000000
[    0.000000] MTRR: Disabled
[    0.000000] x86/PAT: MTRRs disabled, skipping PAT initialization too.
[    0.000000] CPU MTRRs all blank - virtualized system.
[    0.000000] x86/PAT: Configuration [0-7]: WB  WT  UC- UC  WB  WT  UC- UC  
[    0.000000] found SMP MP-table at [mem 0x0009fff0-0x0009ffff] mapped at [c009fff0]
[    0.000000] Scanning 1 areas for low memory corruption
[    0.000000] RAMDISK: [mem 0x1e94b000-0x1f7b5fff]
[    0.000000] ACPI: Early table checksum verification disabled
[    0.000000] ACPI: RSDP 0x00000000000E0000 000024 (v02 VBOX  )
[    0.000000] ACPI: XSDT 0x000000001FFF0030 00003C (v01 VBOX   VBOXXSDT 00000001 ASL  00000061)
[    0.000000] ACPI: FACP 0x000000001FFF00F0 0000F4 (v04 VBOX   VBOXFACP 00000001 ASL  00000061)
[    0.000000] ACPI: DSDT 0x000000001FFF0470 0021FF (v02 VBOX   VBOXBIOS 00000002 INTL 20100528)
[    0.000000] ACPI: FACS 0x000000001FFF0200 000040
[    0.000000] ACPI: FACS 0x000000001FFF0200 000040
[    0.000000] ACPI: APIC 0x000000001FFF0240 000054 (v02 VBOX   VBOXAPIC 00000001 ASL  00000061)
[    0.000000] ACPI: SSDT 0x000000001FFF02A0 0001CC (v01 VBOX   VBOXCPUT 00000002 INTL 20100528)
[    0.000000] 0MB HIGHMEM available.
[    0.000000] 511MB LOWMEM available.
[    0.000000]   mapped low ram: 0 - 1fff0000
[    0.000000]   low ram: 0 - 1fff0000
[    0.000000] kvm-clock: Using msrs 4b564d01 and 4b564d0
[    0.000000] kvm-clock: cpu 0, msr 0:1ffef001, primary cpu clock
[    0.000000] kvm-clock: using sched offset of 5439123307 cycles
[    0.000000] clocksource: kvm-clock: mask: 0xffffffffffffffff max_cycles: 0x1cd42e4dffb, max_idle_ns: 881590591483 ns
[    0.000000] Zone ranges:
[    0.000000]   DMA      [mem 0x0000000000001000-0x0000000000ffffff]
[    0.000000]   Normal   [mem 0x0000000001000000-0x000000001ffeffff]
[    0.000000]   HighMem  empty
[    0.000000] Movable zone start for each node
[    0.000000] Early memory node ranges
[    0.000000]   node   0: [mem 0x0000000000001000-0x000000000009efff]
[    0.000000]   node   0: [mem 0x0000000000100000-0x000000001ffeffff]
[    0.000000] Initmem setup node 0 [mem 0x0000000000001000-0x000000001ffeffff]
[    0.000000] Using APIC driver default
[    0.000000] ACPI: PM-Timer IO Port: 0x4008
[    0.000000] IOAPIC[0]: apic_id 1, version 32, address 0xfec00000, GSI 0-23
[    0.000000] ACPI: INT_SRC_OVR (bus 0 bus_irq 0 global_irq 2 dfl dfl)
[    0.000000] ACPI: INT_SRC_OVR (bus 0 bus_irq 9 global_irq 9 low level)
[    0.000000] Using ACPI (MADT) for SMP configuration information
[    0.000000] smpboot: Allowing 1 CPUs, 0 hotplug CPUs
[    0.000000] PM: Registered nosave memory: [mem 0x00000000-0x00000fff]
[    0.000000] PM: Registered nosave memory: [mem 0x0009f000-0x0009ffff]
[    0.000000] PM: Registered nosave memory: [mem 0x000a0000-0x000effff]
[    0.000000] PM: Registered nosave memory: [mem 0x000f0000-0x000fffff]
[    0.000000] e820: [mem 0x20000000-0xfebfffff] available for PCI devices
[    0.000000] Booting paravirtualized kernel on KVM
[    0.000000] clocksource: refined-jiffies: mask: 0xffffffff max_cycles: 0xffffffff, max_idle_ns: 7645519600211568 ns
[    0.000000] setup_percpu: NR_CPUS:8 nr_cpumask_bits:8 nr_cpu_ids:1 nr_node_ids:1
[    0.000000] PERCPU: Embedded 19 pages/cpu @dfac1000 s47436 r0 d30388 u77824
[    0.000000] PV qspinlock hash table entries: 512 (order: 0, 4096 bytes)
[    0.000000] Built 1 zonelists in Zone order, mobility grouping on.  Total pages: 129678
[    0.000000] Kernel command line: BOOT_IMAGE=/boot/vmlinuz-4.4.0-138-generic root=UUUD=28845584-4164-4761-8242-0cccaf20eac8 ro console=tty1 console=ttyS0
[    0.000000] PID hash table entries: 2048 (order: 1, 8192 bytes)
[    0.000000] Dentry cache hash table entries: 65536 (order: 6, 262144 bytes)
[    0.000000] Inode-cache hash table entries: 32768 (order: 5, 131072 bytes)
[    0.000000] Initializing CPU#0
[    0.000000] Initializing HighMem for node 0 (00000000:00000000)
[    0.000000] Memory: 489392K/523832K available (8049K kernel code, 782K rwdata, 3180K rodata, 952K init, 800K bss, 34440K reserved, 0K cma-reserved, 0K highmem)
[    0.000000] virtual kernel memory layout:
[    0.000000]     fixmap  : 0xfff15000 - 0xfffff000   ( 936 kB)
[    0.000000]     pkmap   : 0xffc00000 - 0xffe00000   (2048 kB)
[    0.000000]     vmalloc : 0xe07f0000 - 0xffbfe000   ( 500 MB)
[    0.000000]     lowmem  : 0xc0000000 - 0xdfff0000   ( 511 MB)
[    0.000000]       .init : 0xc1bbe000 - 0xc1cac000   ( 952 kB)
[    0.000000]       .data : 0xc17dc844 - 0xc1bbc9c0   (3968 kB)
[    0.000000]       .text : 0xc1000000 - 0xc17dc844   (8050 kB)
[    0.000000] Checking if this processor honours the WP bit even in supervisor mode...Ok.
[    0.000000] SLUB: HWalign=64, Order=0-3, MinObjects=0, CPUs=1, Nodes=1
[    0.000000] Hierarchical RCU implementation.
[    0.000000] 	Build-time adjustment of leaf fanout to 32.
[    0.000000] 	RCU restricting CPUs from NR_CPUS=8 to nr_cpu_ids=1.
[    0.000000] RCU: Adjusting geometry for rcu_fanout_leaf=32, nr_cpu_ids=1
[    0.000000] NR_IRQS:2304 nr_irqs:256 16
[    0.000000] Console: colour VGA+ 80x25
[    0.000000] console [tty1] enabled
[    0.000000] console [ttyS0] enabled
[    0.000000] allocated 524288 bytes of page_ext
[    0.000000] tsc: Detected 2394.568 MHz processor
[    3.290006] Calibrating delay loop (skipped) preset value.. 4789.13 BogoMIPS (lpj=9578272)
[    3.293018] pid_max: default: 32768 minimum: 301
[    3.294556] ACPI: Core revision 20150930
[    3.302447] ACPI: 2 ACPI AML tables successfully acquired and loaded
[    3.441207] Security Framework initialized
[    3.590252] Yama: becoming mindful.
[    3.730880] AppArmor: AppArmor initialized
[    3.841772] Mount-cache hash table entries: 1024 (order: 0, 4096 bytes)
[    4.062431] Mountpoint-cache hash table entries: 1024 (order: 0, 4096 bytes)
[    4.199323] Initializing cgroup subsys io
[    4.200780] Initializing cgroup subsys memory
[    4.202348] Initializing cgroup subsys devices
[    4.203948] Initializing cgroup subsys freezer
[    4.205483] Initializing cgroup subsys net_cls
[    4.207076] Initializing cgroup subsys perf_event
[    4.247356] Initializing cgroup subsys net_prio
[    4.419728] Initializing cgroup subsys hugetlb
[    4.488548] Initializing cgroup subsys pids
[    4.490756] mce: CPU supports 0 MCE banks
[    4.492246] process: using mwait in idle threads
[    4.493887] Last level iTLB entries: 4KB 512, 2MB 8, 4MB 8
[    4.495678] Last level dTLB entries: 4KB 512, 2MB 32, 4MB 32, 1GB 0
[    4.497698] Spectre V2 : Mitigation: Full generic retpoline
[    4.499537] Spectre V2 : Spectre v2 mitigation: Speculation control IBPB not-supported IBRS not-supported
[    4.531292] Spectre V2 : Spectre v2 / SpectreRSB mitigation: Filling RSB on context switch
[    4.696614] Speculative Store Bypass: Vulnerable
[    4.861297] Freeing SMP alternatives memory: 32K
[    5.037264] ftrace: allocating 31552 entries in 62 pages
[    5.259075] smpboot: APIC(0) Converting physical 0 to logical package 0
[    5.262942] smpboot: Max logical packages: 1
[    5.264457] Enabling APIC mode:  Flat.  Using 1 I/O APICs
[    5.268599] ..TIMER: vector=0x30 apic1=0 pin1=2 apic2=-1 pin2=-1
[    5.376854] smpboot: CPU0: Intel(R) Core(TM) i7-3630QM CPU @ 2.40GHz (family: 0x6, model: 0x3a, stepping: 0x9)
[    5.464486] Performance Events: unsupported p6 CPU model 58 no PMU driver, software events only.
[    5.467869] KVM setup paravirtual spinlock
[    5.470300] x86: Booted up 1 node, 1 CPUs
[    5.471754] smpboot: Total of 1 processors activated (4789.13 BogoMIPS)
[    5.474413] devtmpfs: initialized
[    5.523241] evm: security.selinux
[    5.613132] evm: security.SMACK64
[    5.614534] evm: security.SMACK64EXEC
[    5.615942] evm: security.SMACK64TRANSMUTE
[    5.617489] evm: security.SMACK64MMAP
[    5.618871] evm: security.ima
[    5.620129] evm: security.capability
[    5.621837] clocksource: jiffies: mask: 0xffffffff max_cycles: 0xffffffff, max_idle_ns: 7645041785100000 ns
[    5.625137] futex hash table entries: 256 (order: 2, 16384 bytes)
[    5.627277] pinctrl core: initialized pinctrl subsystem
[    5.629222] RTC time: 21:51:36, date: 01/01/19
[    5.631020] NET: Registered protocol family 16
[    5.632927] EISA bus registered
[    5.634188] cpuidle: using governor ladder
[    5.635680] cpuidle: using governor menu
[    5.637193] PCCT header not found.
[    5.638635] ACPI: bus type PCI registered
[    5.640117] acpiphp: ACPI Hot Plug PCI Controller Driver version: 0.5
[    5.642557] PCI : PCI BIOS area is rw and x. Use pci=nobios if you want it NX.
[    5.645266] PCI: PCI BIOS revision 2.10 entry at 0xfda26, last bus=0
[    5.647370] PCI: Using configuration type 1 for base access
[    5.651996] ACPI: Added _OSI(Module Device)
[    5.763418] ACPI: Added _OSI(Processor Device)
[    5.825113] ACPI: Added _OSI(3.0 _SCP Extensions)
[    5.955819] ACPI: Added _OSI(Processor Aggregator Device)
[    6.133170] ACPI: Executed 1 blocks of module-level executable AML code
[    6.364887] ACPI: Interpreter enabled
[    6.407122] ACPI: (supports S0 S5)
[    6.411157] ACPI: Using IOAPIC for interrupt routing
[    6.592833] PCI: Using host bridge windows from ACPI; if necessary, use "pci=nocrs" and report a bug
[    6.728264] ACPI: PCI Root Bridge [PCI0] (domain 0000 [bus 00-ff])
[    6.928124] acpi PNP0A03:00: _OSC: OS supports [ASPM ClockPM Segments MSI]
[    6.957717] acpi PNP0A03:00: _OSC: not requesting OS control; OS requires [ExtendedConfig ASPM ClockPM MSI]
[    7.224019] acpi PNP0A03:00: fail to add MMCONFIG information, can't access extended PCI configuration space under this bridge.
[    7.572038] PCI host bridge to bus 0000:00
[    7.673078] pci_bus 0000:00: root bus resource [io  0x0000-0x0cf7 window]
[    7.910054] pci_bus 0000:00: root bus resource [io  0x0d00-0xffff window]
[    7.983458] pci_bus 0000:00: root bus resource [mem 0x000a0000-0x000bffff window]
[    8.032651] pci_bus 0000:00: root bus resource [mem 0x20000000-0xfdffffff window]
[    8.035340] pci_bus 0000:00: root bus resource [bus 00-ff]
[    8.040123] pci 0000:00:01.1: legacy IDE quirk: reg 0x10: [io  0x01f0-0x01f7]
[    8.118144] pci 0000:00:01.1: legacy IDE quirk: reg 0x14: [io  0x03f6]
[    8.157440] pci 0000:00:01.1: legacy IDE quirk: reg 0x18: [io  0x0170-0x0177]
[    8.159633] pci 0000:00:01.1: legacy IDE quirk: reg 0x1c: [io  0x0376]
[    8.316027] pci 0000:00:07.0: quirk: [io  0x4000-0x403f] claimed by PIIX4 ACPI
[    8.549437] pci 0000:00:07.0: quirk: [io  0x4100-0x410f] claimed by PIIX4 SMB
[    8.659172] ACPI: PCI Interrupt Link [LNKA] (IRQs 5 9 10 *11)
[    8.751637] ACPI: PCI Interrupt Link [LNKB] (IRQs 5 9 *10 11)
[    8.908303] ACPI: PCI Interrupt Link [LNKC] (IRQs 5 *9 10 11)
[    9.056788] ACPI: PCI Interrupt Link [LNKD] (IRQs 5 9 10 *11)
[    9.232798] ACPI: Enabled 2 GPEs in block 00 to 07
[    9.238451] vgaarb: setting as boot device: PCI:0000:00:02.0
[    9.246673] vgaarb: device added: PCI:0000:00:02.0,decodes=io+mem,owns=io+mem,locks=none
[    9.383201] vgaarb: loaded
[    9.459658] vgaarb: bridge control possible 0000:00:02.0
[    9.630199] SCSI subsystem initialized
[    9.744201] ACPI: bus type USB registered
[    9.853207] usbcore: registered new interface driver usbfs
[    9.996748] usbcore: registered new interface driver hub
[   10.167576] usbcore: registered new device driver usb
[   10.192592] PCI: Using ACPI for IRQ routing
[   10.198277] NetLabel: Initializing
[   10.325409] NetLabel:  domain hash size = 128
[   10.387868] NetLabel:  protocols = UNLABELED CIPSOv4
[   10.389585] NetLabel:  unlabeled traffic allowed by default
[   10.391603] amd_nb: Cannot enumerate AMD northbridges
[   10.393324] clocksource: Switched to clocksource kvm-clock
[   10.409627] AppArmor: AppArmor Filesystem Enabled
[   10.458774] pnp: PnP ACPI init
[   10.501474] pnp: PnP ACPI: found 3 devices
[   10.512518] PnPBIOS: Disabled by ACPI PNP
[   10.551572] clocksource: acpi_pm: mask: 0xffffff max_cycles: 0xffffff, max_idle_ns: 2085701024 ns
[   10.554622] NET: Registered protocol family 2
[   10.563599] TCP established hash table entries: 4096 (order: 2, 16384 bytes)
[   10.735012] TCP bind hash table entries: 4096 (order: 3, 32768 bytes)
[   10.822438] TCP: Hash tables configured (established 4096 bind 4096)
[   10.824450] UDP hash table entries: 256 (order: 1, 8192 bytes)
[   10.826354] UDP-Lite hash table entries: 256 (order: 1, 8192 bytes)
[   10.828426] NET: Registered protocol family 1
[   10.829979] pci 0000:00:00.0: Limiting direct PCI/PCI transfers
[   10.831948] pci 0000:00:01.0: Activating ISA DMA hang workarounds
[   10.899704] Unpacking initramfs...
[   11.464414] Freeing initrd memory: 14764K
[   11.512165] RAPL PMU detected, API unit is 2^-32 Joules, 3 fixed counters 10737418240 ms ovfl timer
[   11.515237] hw unit of domain pp0-core 2^-0 Joules
[   11.520164] hw unit of domain package 2^-0 Joules
[   11.521760] hw unit of domain pp1-gpu 2^-0 Joules
[   11.523575] platform rtc_cmos: registered platform RTC device (no PNP device found)
[   11.526328] Scanning for low memory corruption every 60 seconds
[   11.528846] audit: initializing netlink subsys (disabled)
[   11.548049] audit: type=2000 audit(1546379498.847:1): initialized
[   11.648240] Initialise system trusted keyring
[   11.686303] HugeTLB registered 2 MB page size, pre-allocated 0 pages
[   11.695069] zbud: loaded
[   11.696328] VFS: Disk quotas dquot_6.6.0
[   11.697785] VFS: Dquot-cache hash table entries: 1024 (order 0, 4096 bytes)
[   11.700275] squashfs: version 4.0 (2009/01/31) Phillip Lougher
[   11.702574] fuse init (API version 7.23)
[   11.704213] Key type big_key registered
[   11.705628] Allocating IMA MOK and blacklist keyrings.
[   11.710683] Key type asymmetric registered
[   11.712120] Asymmetric key parser 'x509' registered
[   11.713791] bounce: pool size: 64 pages
[   11.715288] Block layer SCSI generic (bsg) driver version 0.4 loaded (major 249)
[   11.717904] io scheduler noop registered
[   11.719352] io scheduler deadline registered (default)
[   11.721111] io scheduler cfq registered
[   11.722699] pci_hotplug: PCI Hot Plug PCI Core version: 0.5
[   11.724523] pciehp: PCI Express Hot Plug Controller Driver version: 0.4
[   11.931113] ACPI: AC Adapter [AC] (on-line)
[   12.024708] input: Power Button as /devices/LNXSYSTM:00/LNXPWRBN:00/input/input0
[   12.088138] ACPI: Power Button [PWRF]
[   12.221753] input: Sleep Button as /devices/LNXSYSTM:00/LNXSLPBN:00/input/input1
[   12.427871] ACPI: Sleep Button [SLPF]
[   12.538964] tsc: Refined TSC clocksource calibration: 2393.505 MHz
[   12.671301] clocksource: tsc: mask: 0xffffffffffffffff max_cycles: 0x22803fe39e4, max_idle_ns: 440795247958 ns
[   12.677562] GHES: HEST is not enabled!
[   12.679660] ACPI: Battery Slot [BAT0] (battery present)
[   12.683086] Serial: 8250/16550 driver, 32 ports, IRQ sharing enabled
[   12.708747] 00:02: ttyS0 at I/O 0x3f8 (irq = 4, base_baud = 115200) is a 16550A
[   12.752992] isapnp: Scanning for PnP cards...
[   12.834221] Linux agpgart interface v0.103
[   13.159191] loop: module loaded
[   13.404249] scsi host0: ata_piix
[   13.566593] isapnp: No Plug & Play device found
[   13.734064] scsi host1: ata_piix
[   13.793657] ata1: PATA max UDMA/33 cmd 0x1f0 ctl 0x3f6 bmdma 0xd000 irq 14
[   13.797045] ata2: PATA max UDMA/33 cmd 0x170 ctl 0x376 bmdma 0xd008 irq 15
[   13.800040] libphy: Fixed MDIO Bus: probed
[   13.801482] tun: Universal TUN/TAP device driver, 1.6
[   13.884381] tun: (C) 1999-2004 Max Krasnyansky <maxk@qualcomm.com>
[   13.886493] PPP generic driver version 2.4.2
[   13.888103] ehci_hcd: USB 2.0 'Enhanced' Host Controller (EHCI) Driver
[   13.890133] ehci-pci: EHCI PCI platform driver
[   14.062221] ehci-platform: EHCI generic platform driver
[   14.259485] ohci_hcd: USB 1.1 'Open' Host Controller (OHCI) Driver
[   14.513147] ohci-pci: OHCI PCI platform driver
[   14.608026] ohci-platform: OHCI generic platform driver
[   14.609765] uhci_hcd: USB Universal Host Controller Interface driver
[   14.630366] i8042: PNP: PS/2 Controller [PNP0303:PS2K,PNP0f03:PS2M] at 0x60,0x64 irq 1,12
[   14.878573] serio: i8042 KBD port at 0x60,0x64 irq 1
[   14.915594] serio: i8042 AUX port at 0x60,0x64 irq 12
[   14.926973] mousedev: PS/2 mouse device common for all mice
[   15.051737] input: AT Translated Set 2 keyboard as /devices/platform/i8042/serio0/input/input2
[   15.285441] rtc_cmos rtc_cmos: rtc core: registered rtc_cmos as rtc0
[   15.510990] rtc_cmos rtc_cmos: alarms up to one day, 114 bytes nvram
[   15.556942] i2c /dev entries driver
[   15.677740] device-mapper: uevent: version 1.0.3
[   15.816456] device-mapper: ioctl: 4.34.0-ioctl (2015-10-28) initialised: dm-devel@redhat.com
[   15.868923] platform eisa.0: Probing EISA bus 0
[   16.020396] platform eisa.0: EISA: Cannot allocate resource for mainboard
[   16.070143] platform eisa.0: Cannot allocate resource for EISA slot 1
[   16.072154] platform eisa.0: Cannot allocate resource for EISA slot 2
[   16.074192] platform eisa.0: Cannot allocate resource for EISA slot 3
[   16.076243] platform eisa.0: Cannot allocate resource for EISA slot 4
[   16.078285] platform eisa.0: Cannot allocate resource for EISA slot 5
[   16.080307] platform eisa.0: Cannot allocate resource for EISA slot 6
[   16.082326] platform eisa.0: Cannot allocate resource for EISA slot 7
[   16.084325] platform eisa.0: Cannot allocate resource for EISA slot 8
[   16.086386] platform eisa.0: EISA: Detected 0 cards
[   16.088078] cpufreq-nforce2: No nForce2 chipset.
[   16.089676] ledtrig-cpu: registered to indicate activity on CPUs
[   16.092120] NET: Registered protocol family 10
[   16.093996] NET: Registered protocol family 17
[   16.095551] Key type dns_resolver registered
[   16.097294] Using IPI No-Shortcut mode
[   16.098937] registered taskstats version 1
[   16.102372] Loading compiled-in X.509 certificates
[   16.107362] Loaded X.509 cert 'Build time autogenerated kernel key: 2543f9ca10160dafffb6b72fccc102d81211ac96'
[   16.145741] zswap: loaded using pool lzo/zbud
[   16.149963] Key type trusted registered
[   16.187679] Key type encrypted registered
[   16.191922] AppArmor: AppArmor sha1 policy hashing enabled
[   16.193726] ima: No TPM chip found, activating TPM-bypass!
[   16.368067] ima: Allocated hash algorithm: sha1
[   16.500917] evm: HMAC attrs: 0x1
[   16.502646]   Magic number: 3:610:903
[   16.504042] acpi PNP0501:03: hash matches
[   16.505546] rtc_cmos rtc_cmos: setting system clock to 2019-01-01 21:51:46 UTC (1546379506)
[   16.510412] BIOS EDD facility v0.16 2004-Jun-25, 0 devices found
[   16.655042] EDD information not available.
[   16.790959] Freeing unused kernel memory: 952K
[   16.962005] Write protecting the kernel text: 8052k
[   17.074862] Write protecting the kernel read-only data: 3184k
[   17.185238] NX-protecting the kernel data: 6284k
Loading, please [   17.238434] random: systemd-udevd: uninitialized urandom read (16 bytes read, 3 bits of entropy available)
wait...
startin[   17.275561] random: udevadm: uninitialized urandom read (16 bytes read, 3 bits of entropy available)
g version 229
[   17.446064] random: systemd-udevd: uninitialized urandom read (16 bytes read, 3 bits of entropy available)
[   17.786287] random: udevadm: uninitialized urandom read (16 bytes read, 3 bits of entropy available)
[   17.970780] random: systemd-udevd: uninitialized urandom read (16 bytes read, 3 bits of entropy available)
[   18.075343] random: udevadm: uninitialized urandom read (16 bytes read, 3 bits of entropy available)
[   18.078595] random: udevadm: uninitialized urandom read (16 bytes read, 3 bits of entropy available)
[   18.083025] random: udevadm: uninitialized urandom read (16 bytes read, 3 bits of entropy available)
[   18.086103] random: udevadm: uninitialized urandom read (16 bytes read, 3 bits of entropy available)
[   18.089276] random: udevadm: uninitialized urandom read (16 bytes read, 3 bits of entropy available)
[   18.242584] Fusion MPT base driver 3.04.20
[   18.253005] Copyright (c) 1999-2008 LSI Corporation
[   18.256341] e1000: Intel(R) PRO/1000 Network Driver - version 7.3.21-k8-NAPI
[   18.347189] e1000: Copyright (c) 1999-2006 Intel Corporation.
[   18.454633] Fusion MPT SPI Host driver 3.04.20
[   18.514081] mptbase: ioc0: Initiating bringup
[   18.630793] input: ImExPS/2 Generic Explorer Mouse as /devices/platform/i8042/serio1/input/input4
[   18.873685] ioc0: LSI53C1030 A0: Capabilities={Initiator}
[   19.155724] scsi host2: ioc0: LSI53C1030 A0, FwRev=00000000h, Ports=1, MaxQ=256, IRQ=20
[   19.356021] scsi 2:0:0:0: Direct-Access     VBOX     HARDDISK         1.0  PQ: 0 ANSI: 5
[   19.464068] scsi target2:0:0: Beginning Domain Validation
[   19.625343] scsi target2:0:0: Domain Validation skipping write tests
[   19.640590] scsi target2:0:0: Ending Domain Validation
[   19.680494] scsi target2:0:0: asynchronous
[   19.790226] scsi 2:0:1:0: Direct-Access     VBOX     HARDDISK         1.0  PQ: 0 ANSI: 5
[   20.140163] scsi target2:0:1: Beginning Domain Validation
[   20.289000] scsi target2:0:1: Domain Validation skipping write tests
[   20.434234] scsi target2:0:1: Ending Domain Validation
[   20.562244] scsi target2:0:1: asynchronous
[   20.634229] e1000 0000:00:03.0 eth0: (PCI:33MHz:32-bit) 02:52:1c:e2:27:32
[   20.639425] e1000 0000:00:03.0 eth0: Intel(R) PRO/1000 Network Connection
[   20.648785] sd 2:0:0:0: Attached scsi generic sg0 type 0
[   20.762307] sd 2:0:0:0: [sda] 20971520 512-byte logical blocks: (10.7 GB/10.0 GiB)
[   20.914439] sd 2:0:1:0: [sdb] 20480 512-byte logical blocks: (10.5 MB/10.0 MiB)
[   21.094669] sd 2:0:1:0: Attached scsi generic sg1 type 0
[   21.270181] sd 2:0:0:0: [sda] Write Protect is off
[   21.567280] sd 2:0:1:0: [sdb] Write Protect is off
[   21.743967] sd 2:0:0:0: [sda] Incomplete mode parameter data
[   21.854695] sd 2:0:0:0: [sda] Assuming drive cache: write through
[   21.972608] sd 2:0:1:0: [sdb] Incomplete mode parameter data
[   21.976019] sd 2:0:1:0: [sdb] Assuming drive cache: write through
[   22.002483]  sda: sda1
[   22.101596] e1000 0000:00:08.0 eth1: (PCI:33MHz:32-bit) 08:00:27:00:ac:88
[   22.280659] e1000 0000:00:08.0 eth1: Intel(R) PRO/1000 Network Connection
[   22.340282] sd 2:0:1:0: [sdb] Attached SCSI disk
[   22.345360] sd 2:0:0:0: [sda] Attached SCSI disk
[   22.353573] e1000 0000:00:03.0 enp0s3: renamed from eth0
[   22.359306] e1000 0000:00:08.0 enp0s8: renamed from eth1
Begin: Loading e[   24.152174] md: linear personality registered for level -1
ssential drivers ... [   24.386568] md: multipath personality registered for level -4
[   24.628912] md: raid0 personality registered for level 0
[   24.704163] md: raid1 personality registered for level 1
[   24.973501] raid6: mmxx1    gen()  1560 MB/s
[   25.105744] raid6: mmxx2    gen()  2380 MB/s
[   25.205836] raid6: sse1x1   gen()  1326 MB/s
[   25.381548] raid6: sse1x2   gen()  2578 MB/s
[   25.577799] raid6: sse2x1   gen()  2768 MB/s
[   25.797464] raid6: sse2x1   xor()  1527 MB/s
[   25.989781] raid6: sse2x2   gen()  5952 MB/s
[   26.221641] raid6: sse2x2   xor()  2855 MB/s
[   26.265768] raid6: using algorithm sse2x2 gen() 5952 MB/s
[   26.267598] raid6: .... xor() 2855 MB/s, rmw enabled
[   26.396230] raid6: using ssse3x1 recovery algorithm
[   26.410393] xor: automatically using best checksumming function:
[   26.449619]    avx       : 16947.000 MB/sec
[   26.577010] async_tx: api initialized (async)
[   26.618848] md: raid6 personality registered for level 6
[   26.788759] md: raid5 personality registered for level 5
[   26.907013] md: raid4 personality registered for level 4
[   26.920450] md: raid10 personality registered for level 10
done.
Begin: Running /scripts/init-premount ... done.
Begin: Mounti[   27.146093] Btrfs loaded
ng root file system ... Begin: Running /scripts/local-top ... done.
Begin: Running /scripts/local-premount ... Scanning for Btrfs filesystems
done.
Warning: fsck no[   27.344032] EXT4-fs (sda1): INFO: recovery required on readonly filesystem
t present, so sk[   27.460862] EXT4-fs (sda1): write access will be enabled during recovery
ipping root file system
[   27.686557] EXT4-fs (sda1): orphan cleanup on readonly fs
[   27.886124] EXT4-fs (sda1): 11 orphan inodes deleted
[   28.004783] EXT4-fs (sda1): recovery complete
[   28.042020] EXT4-fs (sda1): mounted filesystem with ordered data mode. Opts: (null)
done.
[   28.088449] random: nonblocking pool is initialized
Begin: Running /scripts/local-bottom ... done.
Begin: Running /scripts/init-bottom ... done.
[   28.958563] systemd[1]: systemd 229 running in system mode. (+PAM +AUDIT +SELINUX +IMA +APPARMOR +SMACK +SYSVINIT +UTMP +LIBCRYPTSETUP +GCRYPT +GNUTLS +ACL +XZ -LZ4 +SECCOMP +BLKID +ELFUTILS +KMOD -IDN)
[   29.040905] systemd[1]: Detected virtualization oracle.
[   29.047739] systemd[1]: Detected architecture x86.

Welcome to [1mUbuntu 16.04.5 LTS[0m!

[   29.190758] systemd[1]: Set hostname to <kouosl>.
[   30.578156] systemd[1]: Listening on LVM2 metadata daemon socket.
[[0;32m  OK  [0m] Listening on LVM2 metadata daemon socket.
[   30.729944] systemd[1]: Reached target Swap.
[[0;32m  OK  [0m] Reached target Swap.
[   30.884111] systemd[1]: Created slice User and Session Slice.
[[0;32m  OK  [0m] Created slice User and Session Slice.
[   30.890359] systemd[1]: Listening on Syslog Socket.
[[0;32m  OK  [0m] Listening on Syslog Socket.
[   30.894599] systemd[1]: Listening on Journal Socket (/dev/log).
[[0;32m  OK  [0m] Listening on Journal Socket (/dev/log).
[   30.898768] systemd[1]: Started Forward Password Requests to Wall Directory Watch.
[[0;32m  OK  [0m] Started Forward Password Requests to Wall Directory Watch.
[   31.001875] systemd[1]: Set up automount Arbitrary Executable File Formats File System Automount Point.
[[0;32m  OK  [0m] Set up automount Arbitrary Executab...ats File System Automount Point.
[   31.189780] systemd[1]: Listening on udev Control Socket.
[[0;32m  OK  [0m] Listening on udev Control Socket.
[   31.349042] systemd[1]: Listening on /dev/initctl Compatibility Named Pipe.
[[0;32m  OK  [0m] Listening on /dev/initctl Compatibility Named Pipe.
[   31.369638] systemd[1]: Listening on LVM2 poll daemon socket.
[[0;32m  OK  [0m] Listening on LVM2 poll daemon socket.
[   31.410376] systemd[1]: Listening on Journal Audit Socket.
[[0;32m  OK  [0m] Listening on Journal Audit Socket.
[   31.645690] systemd[1]: Listening on udev Kernel Socket.
[[0;32m  OK  [0m] Listening on udev Kernel Socket.
[   31.798079] systemd[1]: Reached target System Time Synchronized.
[[0;32m  OK  [0m] Reached target System Time Synchronized.
[   32.025667] systemd[1]: Listening on Journal Socket.
[[0;32m  OK  [0m] Listening on Journal Socket.
[   32.077685] systemd[1]: Started Trigger resolvconf update for networkd DNS.
[[0;32m  OK  [0m] Started Trigger resolvconf update for networkd DNS.
[   32.289590] systemd[1]: Reached target User and Group Name Lookups.
[[0;32m  OK  [0m] Reached target User and Group Name Lookups.
[   32.385609] systemd[1]: Reached target Encrypted Volumes.
[[0;32m  OK  [0m] Reached target Encrypted Volumes.
[   32.610487] systemd[1]: Created slice System Slice.
[[0;32m  OK  [0m] Created slice System Slice.
[   32.826612] systemd[1]: Starting Nameserver information manager...
         Starting Nameserver information manager...
[   33.090749] systemd[1]: Created slice system-serial\x2dgetty.slice.
[[0;32m  OK  [0m] Created slice system-serial\x2dgetty.slice.
[   33.141088] systemd[1]: Starting Uncomplicated firewall...
         Starting Uncomplicated firewall...
[   33.146280] systemd[1]: Mounting Debug File System...
         Mounting Debug File System...
[   33.175334] systemd[1]: Starting Remount Root and Kernel File Systems...
         Starting Remount Root and Kernel[   33.203648] EXT4-fs (sda1): re-mounted. Opts: (null)
 File Systems...
[   33.341601] systemd[1]: Reached target Slices.
[[0;32m  OK  [0m] Reached target Slices.
[   33.539634] systemd[1]: Mounting Huge Pages File System...
         Mounting Huge Pages File System...
[   33.819719] systemd[1]: Starting Load Kernel Modules...
         Starting Load Kernel Modules...
[   33.902200] systemd[1]: Listening on Device-mapper event daemon FIFOs.
[   34.130637] Loading iSCSI transport class v2.0-870.
[[0;32m  OK  [0m] Listening on Device-mapper event daemon FIFOs.
[   34.331226] systemd[1]: Starting Monitoring of LVM2 mirrors, snapshots etc. using dmeventd or progress polling...
         Starting Monitoring of LVM2 mirrors... dmeventd or progress poll[   34.518893] iscsi: registered transport (tcp)
ing...
[   34.654680] systemd[1]: Starting Create list of required static device nodes for the current kernel...
         Starting Create list of required st... nodes for the current kernel...
[   34.865326] systemd[1]: Mounting POSIX Message Queue File System...
         Mounting POSIX Message Queue File System...
[   35.074585] systemd[1]: Starting Set console keymap...
         Starting Set console keymap...
[   35.286658] systemd[1]: Starting Journal Service...
         Starting Journal Service...
[   35.462183] systemd[1]: Mounted Huge Pages File System.
[   35.492009] iscsi: registered transport (iser)
[[0;32m  OK  [0m] Mounted Huge Pages File System.
[   35.554217] systemd[1]: Mounted Debug File System.
[[0;32m  OK  [0m] Mounted Debug File System.
[   35.557958] systemd[1]: Mounted POSIX Message Queue File System.
[[0;32m  OK  [0m] Mounted POSIX Message Queue File System.
[   35.663363] systemd[1]: Started Uncomplicated firewall.
[[0;32m  OK  [0m] Started Uncomplicated firewall.
[   35.822720] systemd[1]: Started Remount Root and Kernel File Systems.
[[0;32m  OK  [0m] Started Remount Root and Kernel File Systems.
[   36.042336] systemd[1]: Started Load Kernel Modules.
[[0;32m  OK  [0m] Started Load Kernel Modules.
[   36.046922] systemd[1]: Started Create list of required static device nodes for the current kernel.
[[0;32m  OK  [0m] Started Create list of required sta...ce nodes for the current kernel.
[   36.055917] systemd[1]: Started Set console keymap.
[[0;32m  OK  [0m] Started Set console keymap.
[   36.070188] systemd[1]: Started Nameserver information manager.
[[0;32m  OK  [0m] Started Nameserver information manager.
[   36.269050] systemd[1]: Started Journal Service.
[[0;32m  OK  [0m] Started Journal Service.
[[0;32m  OK  [0m] Started LVM2 metadata daemon.
         Starting Create Static Device Nodes in /dev...
         Starting Apply Kernel Variables...
         Mounting FUSE Control File System...
         Starting Flush Journal to Persistent Storage...
         Starting udev Coldplug all Devices...
         Starting Load/Save Random Seed...
[[0;32m  OK  [0m] Mounted FUSE Control File System.
[[0;32m  OK  [0m] Started Apply Kernel Variables.
[[0;32m  OK  [0m] Started Create Static Device Nodes in /dev.
[[0;32m  OK  [0m] Started Load/Save Random Seed.
[[0;32m  OK  [0m] Started udev Coldplug all Devices.
[[0;32m  OK  [0m] Started Monitoring of LVM2 mirrors,...ng dmeventd or progress polling.
[[0;32m  OK  [0m] Started Flush Journal to Persistent Storage.
[[0;32m  OK  [0m] Reached target Local File Systems (Pre).
[[0;32m  OK  [0m] Reached target Local File Systems.
         Starting Set console font and keymap...
         Starting Tell Plymouth To Write Out Runtime Data...
         Starting Initial cloud-init job (pre-networking)...
         Starting Create Volatile Files and Directories...
         Starting LSB: AppArmor initialization...
         Starting udev Kernel Device Manager...
[[0;32m  OK  [0m] Started Tell Plymouth To Write Out Runtime Data.
[[0;32m  OK  [0m] Started Create Volatile Files and Directories.
         Starting Update UTMP about System Boot/Shutdown...
[[0;32m  OK  [0m] Started udev Kernel Device Manager.
[[0;32m  OK  [0m] Started Dispatch Password Requests to Console Directory Watch.
[[0;32m  OK  [0m] Started Update UTMP about System Boot/Shutdown.
[[0;32m  OK  [0m] Started Set console font and keymap.
[[0;32m  OK  [0m] Created slice system-getty.slice.
[[0;32m  OK  [0m] Found device /dev/ttyS0.
[[0;32m  OK  [0m] Listening on Load/Save RF Kill Switch Status /dev/rfkill Watch.
[[0;32m  OK  [0m] Found device 82540EM Gigabit Ethern...r (PRO/1000 MT Desktop Adapter).
[[0;32m  OK  [0m] Found device 82540EM Gigabit Ethern...r (PRO/1000 MT Desktop Adapter).
[[0;32m  OK  [0m] Started LSB: AppArmor initialization.
[   34.139650] cloud-init[484]: Cloud-init v. 18.4-0ubuntu1~16.04.2 running 'init-local' at Tue, 01 Jan 2019 21:52:12 +0000. Up 33.08 seconds.
[[0;32m  OK  [0m] Started Initial cloud-init job (pre-networking).
[[0;32m  OK  [0m] Reached target Network (Pre).
[[0;32m  OK  [0m] Started ifup for enp0s3.
         Starting Raise network interfaces...
[[0;32m  OK  [0m] Started ifup for enp0s8.
[[0;32m  OK  [0m] Started Raise network interfaces.
         Starting Initial cloud-init job (metadata service crawler)...
[[0;32m  OK  [0m] Reached target Network.
[   36.681413] cloud-init[1062]: Cloud-init v. 18.4-0ubuntu1~16.04.2 running 'init' at Tue, 01 Jan 2019 21:52:15 +0000. Up 35.64 seconds.
[   36.824635] cloud-init[1062]: ci-info: ++++++++++++++++++++++++++++++++++++++Net device info+++++++++++++++++++++++++++++++++++++++
[[0;32m  OK  [0m] Started Initial cloud-init job (metadata service crawler).
[   36.975500] cloud-init[1062]: ci-info: +--------+------+-----------------------------+---------------+--------+-------------------+
[   37.213141] cloud-init[1062]: ci-info: | Device |  Up  |           Address           |      Mask     | Scope  |     Hw-Address    |
[   37.364542] cloud-init[1062]: ci-info: +--------+------+-----------------------------+---------------+--------+-------------------+
[   37.504831] cloud-init[1062]: ci-info: | enp0s3 | True |          10.0.2.15          | 255.255.255.0 | global | 02:52:1c:e2:27:32 |
[[0;32m  OK  [0m] Reached target System Initialization.
[   37.676059] cloud-init[1062]: ci-info: | enp0s3 | True |  fe80::52:1cff:fee2:2732/64 |       .       |  link  | 02:52:1c:e2:27:32 |
[[0;32m  OK  [0m] Listening on D-Bus System Message Bus Socket.
[   37.898854] cloud-init[1062]: ci-info: | enp0s8 | True |        192.168.83.137       | 255.255.255.0 | global | 08:00:27:00:ac:88 |
[   38.093185] cloud-init[1062]: ci-info: | enp0s8 | True | fe80::a00:27ff:fe00:ac88/64 |       .       |  link  | 08:00:27:00:ac:88 |
         Starting LXD - unix socket.
[[0;32m  OK  [0m] Started Daily Cleanup of Temporary Directories.
[   38.258638] [[0;32m  OK  [0m] Listening on UUID daemon activation socket.
         Starting Socket activation for snappy daemon.
cloud-init[1062]: ci-info: |   lo   | True |          127.0.0.1          |   255.0.0.0   |  host  |         .         |
[[0;32m  OK  [0m] Started Daily apt download activities.
[[0;32m  OK  [0m] Started Daily apt upgrade and clean activities.
[   38.608151] cloud-init[1062]: ci-info: |   lo   | True |           ::1/128           |       .       |  host  |         .         |
[   38.615060] cloud-init[1062]: ci-info: +--------+------+-----------------------------+---------------+--------+-------------------+
[   38.615467] cloud-init[1062]: ci-info: ++++++++++++++++++++++++++++Route IPv4 info++++++++++++++++++++++++++++
[   38.615571] cloud-init[1062]: ci-info: +-------+--------------+----------+---------------+-----------+-------+
[   38.615674] cloud-init[1062]: ci-info: | Route | Destination  | Gateway  |    Genmask    | Interface | Flags |
[   38.615774] cloud-init[1062]: ci-info: +-------+--------------+----------+---------------+-----------+-------+
[   38.615874] cloud-init[1062]: ci-info: |   0   |   0.0.0.0    | 10.0.2.2 |    0.0.0.0    |   enp0s3  |   UG  |
[   38.615974] cloud-init[1062]: ci-info: |   1   |   10.0.2.0   | 0.0.0.0  | 255.255.255.0 |   enp0s3  |   U   |
[   38.616077] cloud-init[1062]: ci-info: |   2   | 192.168.83.0 | 0.0.0.0  | 255.255.255.0 |   enp0s8  |   U   |
[   38.616179] cloud-init[1062]: ci-info: +-------+--------------+----------+---------------+-----------+-------+
[[0;32m  OK  [0m] Reached target Timers.
[   38.616352] cloud-init[1062]: ci-info: +++++++++++++++++++Route IPv6 info+++++++++++++++++++
[[0;32m  OK  [0m] Started ACPI Events Check.
[[0;32m  OK  [0m] Reached target Paths.
[[0;32m  OK  [0m] Listening on ACPID Listen Socket.[   39.751659] cloud-init[1062]: ci-info: +-------+-------------+---------+-----------+-------+
[   39.758587] cloud-init[1062]: ci-info: | Route | Destination | Gateway | Interface | Flags |
[[0;32m  OK  [0m] Reached target Network is Online.
         Starting iSCSI initiator daemon (iscsid)...
[   39.764676] cloud-init[1062]: ci-info: +-------+-------------+---------+-----------+-------+
[   39.766806] cloud-init[1062]: ci-info: |   0   |  fe80::/64  |    ::   |   enp0s8  |   U   |
[[0;32m  OK  [0m] Reached target Cloud-config availability.
[[0;32m  OK  [0m] 
[   39.772457] cloud-init[1062]: ci-info: |   1   |  fe80::/64  |    ::   |   enp0s3  |   U   |
[   39.774547] cloud-init[1062]: ci-info: |   5   |   ff00::/8  |    ::   |   enp0s8  |   U   |Listening on LXD - unix socket.
[[0;32m  OK  [0m] Listening on Socket activation for snappy daemon.

[   39.781389] cloud-init[1062]: ci-info: |   6   |   ff00::/8  |    ::   |   enp0s3  |   U   |
[[0;32m  OK  [0m[   39.816294] cloud-init[1062]: ci-info: +-------+-------------+---------+-----------+-------+
] Reached target Sockets.
[[0;32m  OK  [0m] Reached target Basic System.
         Starting System Logging Service...
[[0;32m  OK  [0m] Started D-Bus System Message Bus.
         Starting LSB: Record successful boot for GRUB...
[[0;32m  OK  [0m] Started Deferred execution scheduler.
[[0;32m  OK  [0m] Started Unattended Upgrades Shutdown.
         Starting /etc/rc.local Compatibility...
         Starting Virtualbox guest utils...
         Starting OpenBSD Secure Shell server...
[[0;32m  OK  [0m] Started ACPI event daemon.
         Starting Snappy daemon...
         Starting LSB: MD monitoring daemon...
         Starting Login Service...
[[0;32m  OK  [0m] Started FUSE filesystem for LXC.
[[0;32m  OK  [0m] Started Regular background program processing daemon.
         Starting Accounts Service...
         Starting LXD - container startup/shutdown...
[[0;32m  OK  [0m] Started System Logging Service.
[[0;32m  OK  [0m] Started /etc/rc.local Compatibility.
[[0;32m  OK  [0m] Started Login Service.
[[0;32m  OK  [0m] Started iSCSI initiator daemon (iscsid).
         Starting Login to default iSCSI targets...
[[0;32m  OK  [0m] Started LSB: Record successful boot for GRUB.
[[0;32m  OK  [0m] Started LSB: MD monitoring daemon.
[[0;32m  OK  [0m] Started OpenBSD Secure Shell server.
[[0;32m  OK  [0m] Started Login to default iSCSI targets.
[[0;32m  OK  [0m] Reached target Remote File Systems (Pre).
[[0;32m  OK  [0m] Reached target Remote File Systems.
         Starting LSB: automatic crash report generation...
         Starting LSB: Apache2 web server...
         Starting LSB: Start and stop the mysql database server daemon...
         Starting LSB: daemon to balance interrupts for SMP systems...
         Starting Permit User Sessions...
         Starting LSB: Set the CPU Frequency Scaling governor to "ondemand"...
[[0;32m  OK  [0m] Started Permit User Sessions.
[[0;32m  OK  [0m] Started Virtualbox guest utils.
         Starting Hold until boot process finishes up...
         Starting Terminate Plymouth Boot Screen...
[[0;32m  OK  [0m] Started LSB: automatic crash report generation.
[[0;32m  OK  [0m] Started LSB: Set the CPU Frequency Scaling governor to "ondemand".
[[0;32m  OK  [0m] Started LSB: daemon to balance interrupts for SMP systems.
[[0;32m  OK  [0m] Started Hold until boot process finishes up.
[[0;32m  OK  [0m] Started Terminate Plymouth Boot Screen.
[[0;32m  OK  [0m] Started Serial Getty on ttyS0.
[[0;32m  OK  [0m] Started Getty on tty1.
[[0;32m  OK  [0m] Reached target Login Prompts.
         Starting Set console scheme...
         Starting Authenticate and Authorize Users to Run Privileged Tasks...
[[0;32m  OK  [0m] Started Set console scheme.
[[0;32m  OK  [0m] Created slice User Slice of vagrant.
[[0;32m  OK  [0m] Started Authenticate and Authorize Users to Run Privileged Tasks.
[[0;32m  OK  [0m] Started Accounts Service.
[[0;32m  OK  [0m] Started Session 1 of user vagrant.
         Starting User Manager for UID 1000...
[[0;32m  OK  [0m] Started User Manager for UID 1000.
[[0;32m  OK  [0m] Started LXD - container startup/shutdown.
[[0;32m  OK  [0m] Started Snappy daemon.
         Starting Wait until snapd is fully seeded...
[[0;32m  OK  [0m] Started Wait until snapd is fully seeded.
         Starting Apply the settings specified in cloud-config...
[   47.257193] cloud-init[1450]: Cloud-init v. 18.4-0ubuntu1~16.04.2 running 'modules:config' at Tue, 01 Jan 2019 21:52:26 +0000. Up 46.61 seconds.
[[0;32m  OK  [0m] Started Apply the settings specified in cloud-config.

Ubuntu 16.04.5 LTS kouosl ttyS0

kouosl login: [   55.804469] cloud-init[2075]: Cloud-init v. 18.4-0ubuntu1~16.04.2 running 'modules:final' at Tue, 01 Jan 2019 21:52:34 +0000. Up 55.04 seconds.
[   55.805137] cloud-init[2075]: Cloud-init v. 18.4-0ubuntu1~16.04.2 finished at Tue, 01 Jan 2019 21:52:35 +0000. Datasource DataSourceNoCloud [seed=/dev/sdb][dsmode=net].  Up 55.79 seconds
